Z:\DOCUMENTS\VISUAL STUDIO 2012\PROJECTS\A00808650_DAYTON_ASSIGNMENT2B\DEBUG\MAIN.OBJ
Z:\DOCUMENTS\VISUAL STUDIO 2012\PROJECTS\A00808650_DAYTON_ASSIGNMENT2B\DEBUG\VC110.PDB
Z:\DOCUMENTS\VISUAL STUDIO 2012\PROJECTS\A00808650_DAYTON_ASSIGNMENT2B\DEBUG\A00808650_DAYTON_ASSIGNMENT2B.PDB
Z:\Documents\Visual Studio 2012\Projects\A00808650_Dayton_Assignment2b\Debug\main.obj
Z:\Documents\Visual Studio 2012\Projects\A00808650_Dayton_Assignment2b\Debug\PartBMain.obj
Z:\Documents\Visual Studio 2012\Projects\A00808650_Dayton_Assignment2b\Debug\A00808650_Dayton_Assignment2b.ilk
Z:\Documents\Visual Studio 2012\Projects\A00808650_Dayton_Assignment2b\Debug\cl.command.1.tlog
Z:\Documents\Visual Studio 2012\Projects\A00808650_Dayton_Assignment2b\Debug\CL.read.1.tlog
Z:\Documents\Visual Studio 2012\Projects\A00808650_Dayton_Assignment2b\Debug\CL.write.1.tlog
Z:\Documents\Visual Studio 2012\Projects\A00808650_Dayton_Assignment2b\Debug\link-cvtres.read.1.tlog
Z:\Documents\Visual Studio 2012\Projects\A00808650_Dayton_Assignment2b\Debug\link-cvtres.write.1.tlog
Z:\Documents\Visual Studio 2012\Projects\A00808650_Dayton_Assignment2b\Debug\link-rc.read.1.tlog
Z:\Documents\Visual Studio 2012\Projects\A00808650_Dayton_Assignment2b\Debug\link-rc.write.1.tlog
Z:\Documents\Visual Studio 2012\Projects\A00808650_Dayton_Assignment2b\Debug\link.10488-cvtres.read.1.tlog
Z:\Documents\Visual Studio 2012\Projects\A00808650_Dayton_Assignment2b\Debug\link.10488-cvtres.write.1.tlog
Z:\Documents\Visual Studio 2012\Projects\A00808650_Dayton_Assignment2b\Debug\link.10488-rc.read.1.tlog
Z:\Documents\Visual Studio 2012\Projects\A00808650_Dayton_Assignment2b\Debug\link.10488-rc.write.1.tlog
Z:\Documents\Visual Studio 2012\Projects\A00808650_Dayton_Assignment2b\Debug\link.10488.read.1.tlog
Z:\Documents\Visual Studio 2012\Projects\A00808650_Dayton_Assignment2b\Debug\link.10488.write.1.tlog
Z:\Documents\Visual Studio 2012\Projects\A00808650_Dayton_Assignment2b\Debug\link.18956-cvtres.read.1.tlog
Z:\Documents\Visual Studio 2012\Projects\A00808650_Dayton_Assignment2b\Debug\link.18956-cvtres.write.1.tlog
Z:\Documents\Visual Studio 2012\Projects\A00808650_Dayton_Assignment2b\Debug\link.18956-rc.read.1.tlog
Z:\Documents\Visual Studio 2012\Projects\A00808650_Dayton_Assignment2b\Debug\link.18956-rc.write.1.tlog
Z:\Documents\Visual Studio 2012\Projects\A00808650_Dayton_Assignment2b\Debug\link.18956.read.1.tlog
Z:\Documents\Visual Studio 2012\Projects\A00808650_Dayton_Assignment2b\Debug\link.18956.write.1.tlog
Z:\Documents\Visual Studio 2012\Projects\A00808650_Dayton_Assignment2b\Debug\link.21488-cvtres.read.1.tlog
Z:\Documents\Visual Studio 2012\Projects\A00808650_Dayton_Assignment2b\Debug\link.21488-cvtres.write.1.tlog
Z:\Documents\Visual Studio 2012\Projects\A00808650_Dayton_Assignment2b\Debug\link.21488-rc.read.1.tlog
Z:\Documents\Visual Studio 2012\Projects\A00808650_Dayton_Assignment2b\Debug\link.21488-rc.write.1.tlog
Z:\Documents\Visual Studio 2012\Projects\A00808650_Dayton_Assignment2b\Debug\link.21488.read.1.tlog
Z:\Documents\Visual Studio 2012\Projects\A00808650_Dayton_Assignment2b\Debug\link.21488.write.1.tlog
Z:\Documents\Visual Studio 2012\Projects\A00808650_Dayton_Assignment2b\Debug\link.command.1.tlog
Z:\Documents\Visual Studio 2012\Projects\A00808650_Dayton_Assignment2b\Debug\link.read.1.tlog
Z:\Documents\Visual Studio 2012\Projects\A00808650_Dayton_Assignment2b\Debug\link.write.1.tlog
Z:\Documents\Visual Studio 2012\Projects\A00808650_Dayton_Assignment2b\Debug\vc110.idb
Z:\Documents\Visual Studio 2012\Projects\A00808650_Dayton_Assignment2b\Debug\vc120.idb
Z:\Documents\Visual Studio 2012\Projects\A00808650_Dayton_Assignment2b\Debug\A00808650_Dayton_Assignment2b.pdb
Z:\Documents\Visual Studio 2012\Projects\A00808650_Dayton_Assignment2b\Debug\vc110.pdb
Z:\Documents\Visual Studio 2012\Projects\A00808650_Dayton_Assignment2b\Debug\vc120.pdb
Z:\Documents\Visual Studio 2012\Projects\A00808650_Dayton_Assignment2b\Debug\A00808650_Dayton_Assignment2B.pdb
Z:\Documents\Visual Studio 2012\Projects\A00808650_Dayton_Assignment2b\Debug\A00808650_Dayton_Assignment2B.exe
Z:\Documents\Visual Studio 2012\Projects\A00808650_Dayton_Assignment2b\Debug\A00808650_Dayton_Assignment2B.ilk
